2023-08-26 10:04:32.473 [info] Extension host with pid 230 started
2023-08-26 10:04:32.550 [info] ExtensionService#_doActivateExtension vscode.emmet, startup: false, activationEvent: 'onLanguage'
2023-08-26 10:04:32.551 [info] ExtensionService#_doActivateExtension ms-python.python, startup: false, activationEvent: 'onLanguage:python'
2023-08-26 10:04:32.945 [info] Lock '/root/.vscode-server/data/User/workspaceStorage/093403463536b7ba808b7b56b7294dba/vscode.lock': Lock acquired.
2023-08-26 10:04:33.059 [info] ExtensionService#_doActivateExtension ms-python.vscode-pylance, startup: false, activationEvent: 'onLanguage:python'
2023-08-26 10:04:33.380 [info] ExtensionService#_doActivateExtension vscode.git-base, startup: true, activationEvent: '*', root cause: vscode.git
2023-08-26 10:04:33.416 [info] ExtensionService#_doActivateExtension vscode.git, startup: true, activationEvent: '*'
2023-08-26 10:04:33.416 [info] ExtensionService#_doActivateExtension vscode.github, startup: true, activationEvent: '*'
2023-08-26 10:04:33.606 [info] Eager extensions activated
2023-08-26 10:04:33.607 [info] ExtensionService#_doActivateExtension vscode.debug-auto-launch, startup: false, activationEvent: 'onStartupFinished'
2023-08-26 10:04:33.608 [info] ExtensionService#_doActivateExtension vscode.merge-conflict, startup: false, activationEvent: 'onStartupFinished'
2023-08-26 10:09:50.522 [error] [ms-python.python] provider FAILED
2023-08-26 10:09:50.523 [error] TypeError: Cannot read properties of undefined (reading 'data')
	at /root/.vscode-server/extensions/ms-python.vscode-pylance-2023.8.40/dist/extension.bundle.js:1:71018
	at _0x43fdbb (/root/.vscode-server/extensions/ms-python.vscode-pylance-2023.8.40/dist/extension.bundle.js:1:82653)
	at async ce.provideCompletionItems (/root/.vscode-server/bin/6c3e3dba23e8fadc360aed75ce363ba185c49794/out/vs/workbench/api/node/extensionHostProcess.js:105:50188)
2023-08-26 10:17:34.461 [info] ExtensionService#_doActivateExtension vscode.html-language-features, startup: false, activationEvent: 'onLanguage:html'
2023-08-26 10:27:12.462 [info] ExtensionService#_doActivateExtension vscode.npm, startup: false, activationEvent: 'onTerminalQuickFixRequest:ms-vscode.npm-command'
2023-08-26 12:20:40.529 [info] Extension host terminating: received terminate message from renderer
2023-08-26 12:20:40.531 [info] Lock '/root/.vscode-server/data/User/workspaceStorage/093403463536b7ba808b7b56b7294dba/vscode.lock': Marking the lockfile as scheduled to be released in 6000 ms.
2023-08-26 12:20:40.641 [info] Extension host with pid 230 exiting with code 0
