2023-08-28 10:01:38.849 [info] Log level: Info
2023-08-28 10:01:38.851 [info] Validating found git in: "git"
2023-08-28 10:01:38.851 [info] Using git "2.39.2" from "git"
2023-08-28 10:01:38.851 [info] > git rev-parse --show-toplevel [58ms]
2023-08-28 10:01:38.852 [info] fatal: not a git repository (or any parent up to mount point /root)
Stopping at filesystem boundary (GIT_DISCOVERY_ACROSS_FILESYSTEM not set).
2023-08-28 10:01:38.853 [info] > git rev-parse --show-toplevel [34ms]
2023-08-28 10:01:38.853 [info] fatal: not a git repository (or any parent up to mount point /root)
Stopping at filesystem boundary (GIT_DISCOVERY_ACROSS_FILESYSTEM not set).
2023-08-28 10:01:38.855 [info] > git rev-parse --show-toplevel [25ms]
2023-08-28 10:01:38.856 [info] fatal: not a git repository (or any parent up to mount point /root)
Stopping at filesystem boundary (GIT_DISCOVERY_ACROSS_FILESYSTEM not set).
2023-08-28 10:01:38.940 [info] > git rev-parse --show-toplevel [51ms]
2023-08-28 10:01:38.941 [info] fatal: not a git repository (or any parent up to mount point /root)
Stopping at filesystem boundary (GIT_DISCOVERY_ACROSS_FILESYSTEM not set).
2023-08-28 10:01:46.314 [info] > git rev-parse --show-toplevel [75ms]
2023-08-28 10:01:46.314 [info] fatal: not a git repository (or any parent up to mount point /root)
Stopping at filesystem boundary (GIT_DISCOVERY_ACROSS_FILESYSTEM not set).
2023-08-28 10:02:26.262 [info] > git rev-parse --show-toplevel [6ms]
2023-08-28 10:02:26.263 [info] fatal: not a git repository (or any parent up to mount point /root)
Stopping at filesystem boundary (GIT_DISCOVERY_ACROSS_FILESYSTEM not set).
2023-08-28 10:02:26.970 [info] > git rev-parse --show-toplevel [6ms]
2023-08-28 10:02:26.970 [info] fatal: not a git repository (or any parent up to mount point /root)
Stopping at filesystem boundary (GIT_DISCOVERY_ACROSS_FILESYSTEM not set).
2023-08-28 10:02:27.522 [info] > git rev-parse --show-toplevel [5ms]
2023-08-28 10:02:27.523 [info] fatal: not a git repository (or any parent up to mount point /root)
Stopping at filesystem boundary (GIT_DISCOVERY_ACROSS_FILESYSTEM not set).
2023-08-28 10:04:06.485 [info] > git rev-parse --show-toplevel [6ms]
2023-08-28 10:04:06.487 [info] fatal: not a git repository (or any parent up to mount point /root)
Stopping at filesystem boundary (GIT_DISCOVERY_ACROSS_FILESYSTEM not set).
2023-08-28 10:04:15.858 [info] > git rev-parse --show-toplevel [7ms]
2023-08-28 10:04:15.859 [info] fatal: not a git repository (or any parent up to mount point /root)
Stopping at filesystem boundary (GIT_DISCOVERY_ACROSS_FILESYSTEM not set).
2023-08-28 10:29:48.105 [info] > git rev-parse --show-toplevel [5ms]
2023-08-28 10:29:48.106 [info] fatal: not a git repository (or any parent up to mount point /root)
Stopping at filesystem boundary (GIT_DISCOVERY_ACROSS_FILESYSTEM not set).
2023-08-28 11:13:34.953 [info] > git rev-parse --show-toplevel [12ms]
2023-08-28 11:13:34.954 [info] fatal: not a git repository (or any parent up to mount point /root)
Stopping at filesystem boundary (GIT_DISCOVERY_ACROSS_FILESYSTEM not set).
2023-08-28 11:17:23.862 [info] > git rev-parse --show-toplevel [4ms]
2023-08-28 11:17:23.862 [info] fatal: not a git repository (or any parent up to mount point /root)
Stopping at filesystem boundary (GIT_DISCOVERY_ACROSS_FILESYSTEM not set).
