2023-08-29 01:45:14.349 [info] Log level: Info
2023-08-29 01:45:14.349 [info] Validating found git in: "git"
2023-08-29 01:45:14.349 [info] Using git "2.39.2" from "git"
2023-08-29 01:45:14.349 [info] > git rev-parse --show-toplevel [101ms]
2023-08-29 01:45:14.350 [info] fatal: not a git repository (or any parent up to mount point /root)
Stopping at filesystem boundary (GIT_DISCOVERY_ACROSS_FILESYSTEM not set).
2023-08-29 01:45:14.350 [info] > git rev-parse --show-toplevel [26ms]
2023-08-29 01:45:14.350 [info] fatal: not a git repository (or any parent up to mount point /root)
Stopping at filesystem boundary (GIT_DISCOVERY_ACROSS_FILESYSTEM not set).
2023-08-29 01:45:14.367 [info] > git rev-parse --show-toplevel [4ms]
2023-08-29 01:45:14.368 [info] fatal: not a git repository (or any parent up to mount point /root)
Stopping at filesystem boundary (GIT_DISCOVERY_ACROSS_FILESYSTEM not set).
2023-08-29 01:45:14.382 [info] > git rev-parse --show-toplevel [3ms]
2023-08-29 01:45:14.382 [info] fatal: not a git repository (or any parent up to mount point /root)
Stopping at filesystem boundary (GIT_DISCOVERY_ACROSS_FILESYSTEM not set).
2023-08-29 01:52:36.533 [info] > git rev-parse --show-toplevel [2ms]
2023-08-29 01:52:36.535 [info] fatal: not a git repository (or any parent up to mount point /root)
Stopping at filesystem boundary (GIT_DISCOVERY_ACROSS_FILESYSTEM not set).
2023-08-29 01:52:45.439 [info] > git rev-parse --show-toplevel [3ms]
2023-08-29 01:52:45.439 [info] fatal: not a git repository (or any parent up to mount point /root)
Stopping at filesystem boundary (GIT_DISCOVERY_ACROSS_FILESYSTEM not set).
