2023-08-29 01:55:40.080 [info] Log level: Info
2023-08-29 01:55:40.081 [info] Validating found git in: "git"
2023-08-29 01:55:40.081 [info] Using git "2.39.2" from "git"
2023-08-29 01:55:40.082 [info] > git rev-parse --show-toplevel [23ms]
2023-08-29 01:55:40.082 [info] fatal: not a git repository (or any parent up to mount point /root)
Stopping at filesystem boundary (GIT_DISCOVERY_ACROSS_FILESYSTEM not set).
2023-08-29 01:55:40.083 [info] > git rev-parse --show-toplevel [5ms]
2023-08-29 01:55:40.083 [info] fatal: not a git repository (or any parent up to mount point /root)
Stopping at filesystem boundary (GIT_DISCOVERY_ACROSS_FILESYSTEM not set).
2023-08-29 01:55:40.084 [info] > git rev-parse --show-toplevel [7ms]
2023-08-29 01:55:40.084 [info] fatal: not a git repository (or any parent up to mount point /root)
Stopping at filesystem boundary (GIT_DISCOVERY_ACROSS_FILESYSTEM not set).
2023-08-29 01:55:40.099 [info] > git rev-parse --show-toplevel [3ms]
2023-08-29 01:55:40.099 [info] fatal: not a git repository (or any parent up to mount point /root)
Stopping at filesystem boundary (GIT_DISCOVERY_ACROSS_FILESYSTEM not set).
2023-08-29 01:56:07.471 [info] > git rev-parse --show-toplevel [2ms]
2023-08-29 01:56:07.471 [info] fatal: not a git repository (or any parent up to mount point /root)
Stopping at filesystem boundary (GIT_DISCOVERY_ACROSS_FILESYSTEM not set).
2023-08-29 01:56:13.538 [info] > git rev-parse --show-toplevel [3ms]
2023-08-29 01:56:13.538 [info] fatal: not a git repository (or any parent up to mount point /root)
Stopping at filesystem boundary (GIT_DISCOVERY_ACROSS_FILESYSTEM not set).
2023-08-29 01:56:14.348 [info] > git rev-parse --show-toplevel [3ms]
2023-08-29 01:56:14.349 [info] fatal: not a git repository (or any parent up to mount point /root)
Stopping at filesystem boundary (GIT_DISCOVERY_ACROSS_FILESYSTEM not set).
2023-08-29 01:56:21.870 [info] > git rev-parse --show-toplevel [3ms]
2023-08-29 01:56:21.870 [info] fatal: not a git repository (or any parent up to mount point /root)
Stopping at filesystem boundary (GIT_DISCOVERY_ACROSS_FILESYSTEM not set).
2023-08-29 01:57:16.039 [info] > git rev-parse --show-toplevel [4ms]
2023-08-29 01:57:16.039 [info] fatal: not a git repository (or any parent up to mount point /root)
Stopping at filesystem boundary (GIT_DISCOVERY_ACROSS_FILESYSTEM not set).
