2023-08-28 11:19:00.753 [info] Log level: Info
2023-08-28 11:19:00.754 [info] Validating found git in: "git"
2023-08-28 11:19:00.754 [info] Using git "2.39.2" from "git"
2023-08-28 11:19:00.754 [info] > git rev-parse --show-toplevel [22ms]
2023-08-28 11:19:00.755 [info] fatal: not a git repository (or any parent up to mount point /root)
Stopping at filesystem boundary (GIT_DISCOVERY_ACROSS_FILESYSTEM not set).
2023-08-28 11:19:00.755 [info] > git rev-parse --show-toplevel [3ms]
2023-08-28 11:19:00.755 [info] fatal: not a git repository (or any parent up to mount point /root)
Stopping at filesystem boundary (GIT_DISCOVERY_ACROSS_FILESYSTEM not set).
2023-08-28 11:19:00.759 [info] > git rev-parse --show-toplevel [10ms]
2023-08-28 11:19:00.759 [info] fatal: not a git repository (or any parent up to mount point /root)
Stopping at filesystem boundary (GIT_DISCOVERY_ACROSS_FILESYSTEM not set).
2023-08-28 11:19:00.767 [info] > git rev-parse --show-toplevel [17ms]
2023-08-28 11:19:00.767 [info] fatal: not a git repository (or any parent up to mount point /root)
Stopping at filesystem boundary (GIT_DISCOVERY_ACROSS_FILESYSTEM not set).
2023-08-28 11:40:23.790 [info] > git rev-parse --show-toplevel [46ms]
2023-08-28 11:40:23.791 [info] fatal: not a git repository (or any parent up to mount point /root)
Stopping at filesystem boundary (GIT_DISCOVERY_ACROSS_FILESYSTEM not set).
2023-08-28 11:51:18.234 [info] > git rev-parse --show-toplevel [4ms]
2023-08-28 11:51:18.235 [info] fatal: not a git repository (or any parent up to mount point /root)
Stopping at filesystem boundary (GIT_DISCOVERY_ACROSS_FILESYSTEM not set).
2023-08-28 11:51:21.934 [info] > git rev-parse --show-toplevel [4ms]
2023-08-28 11:51:21.935 [info] fatal: not a git repository (or any parent up to mount point /root)
Stopping at filesystem boundary (GIT_DISCOVERY_ACROSS_FILESYSTEM not set).
2023-08-28 11:51:24.051 [info] > git rev-parse --show-toplevel [4ms]
2023-08-28 11:51:24.051 [info] fatal: not a git repository (or any parent up to mount point /root)
Stopping at filesystem boundary (GIT_DISCOVERY_ACROSS_FILESYSTEM not set).
2023-08-28 11:51:27.293 [info] > git rev-parse --show-toplevel [4ms]
2023-08-28 11:51:27.294 [info] fatal: not a git repository (or any parent up to mount point /root)
Stopping at filesystem boundary (GIT_DISCOVERY_ACROSS_FILESYSTEM not set).
2023-08-28 11:51:32.590 [info] > git rev-parse --show-toplevel [4ms]
2023-08-28 11:51:32.590 [info] fatal: not a git repository (or any parent up to mount point /root)
Stopping at filesystem boundary (GIT_DISCOVERY_ACROSS_FILESYSTEM not set).
2023-08-28 11:51:36.256 [info] > git rev-parse --show-toplevel [4ms]
2023-08-28 11:51:36.257 [info] fatal: not a git repository (or any parent up to mount point /root)
Stopping at filesystem boundary (GIT_DISCOVERY_ACROSS_FILESYSTEM not set).
2023-08-28 11:51:45.515 [info] > git rev-parse --show-toplevel [3ms]
2023-08-28 11:51:45.515 [info] fatal: not a git repository (or any parent up to mount point /root)
Stopping at filesystem boundary (GIT_DISCOVERY_ACROSS_FILESYSTEM not set).
2023-08-28 11:51:54.110 [info] > git rev-parse --show-toplevel [3ms]
2023-08-28 11:51:54.111 [info] fatal: not a git repository (or any parent up to mount point /root)
Stopping at filesystem boundary (GIT_DISCOVERY_ACROSS_FILESYSTEM not set).
2023-08-28 11:52:09.116 [info] > git rev-parse --show-toplevel [4ms]
2023-08-28 11:52:09.116 [info] fatal: not a git repository (or any parent up to mount point /root)
Stopping at filesystem boundary (GIT_DISCOVERY_ACROSS_FILESYSTEM not set).
2023-08-28 11:52:11.107 [info] > git rev-parse --show-toplevel [4ms]
2023-08-28 11:52:11.108 [info] fatal: not a git repository (or any parent up to mount point /root)
Stopping at filesystem boundary (GIT_DISCOVERY_ACROSS_FILESYSTEM not set).
2023-08-28 11:52:13.469 [info] > git rev-parse --show-toplevel [6ms]
2023-08-28 11:52:13.470 [info] fatal: not a git repository (or any parent up to mount point /root)
Stopping at filesystem boundary (GIT_DISCOVERY_ACROSS_FILESYSTEM not set).
2023-08-28 11:53:48.265 [info] > git rev-parse --show-toplevel [4ms]
2023-08-28 11:53:48.265 [info] fatal: not a git repository (or any parent up to mount point /root)
Stopping at filesystem boundary (GIT_DISCOVERY_ACROSS_FILESYSTEM not set).
2023-08-28 11:54:00.767 [info] > git rev-parse --show-toplevel [4ms]
2023-08-28 11:54:00.767 [info] fatal: not a git repository (or any parent up to mount point /root)
Stopping at filesystem boundary (GIT_DISCOVERY_ACROSS_FILESYSTEM not set).
2023-08-28 11:55:24.697 [info] > git rev-parse --show-toplevel [4ms]
2023-08-28 11:55:24.698 [info] fatal: not a git repository (or any parent up to mount point /root)
Stopping at filesystem boundary (GIT_DISCOVERY_ACROSS_FILESYSTEM not set).
2023-08-28 11:55:36.844 [info] > git rev-parse --show-toplevel [4ms]
2023-08-28 11:55:36.844 [info] fatal: not a git repository (or any parent up to mount point /root)
Stopping at filesystem boundary (GIT_DISCOVERY_ACROSS_FILESYSTEM not set).
2023-08-28 11:57:20.532 [info] > git rev-parse --show-toplevel [2ms]
2023-08-28 11:57:20.532 [info] fatal: not a git repository (or any parent up to mount point /root)
Stopping at filesystem boundary (GIT_DISCOVERY_ACROSS_FILESYSTEM not set).
2023-08-28 11:57:30.440 [info] > git rev-parse --show-toplevel [3ms]
2023-08-28 11:57:30.440 [info] fatal: not a git repository (or any parent up to mount point /root)
Stopping at filesystem boundary (GIT_DISCOVERY_ACROSS_FILESYSTEM not set).
2023-08-28 11:57:31.952 [info] > git rev-parse --show-toplevel [3ms]
2023-08-28 11:57:31.952 [info] fatal: not a git repository (or any parent up to mount point /root)
Stopping at filesystem boundary (GIT_DISCOVERY_ACROSS_FILESYSTEM not set).
2023-08-28 11:57:47.866 [info] > git rev-parse --show-toplevel [3ms]
2023-08-28 11:57:47.867 [info] fatal: not a git repository (or any parent up to mount point /root)
Stopping at filesystem boundary (GIT_DISCOVERY_ACROSS_FILESYSTEM not set).
2023-08-28 12:13:08.088 [info] > git rev-parse --show-toplevel [3ms]
2023-08-28 12:13:08.088 [info] fatal: not a git repository (or any parent up to mount point /root)
Stopping at filesystem boundary (GIT_DISCOVERY_ACROSS_FILESYSTEM not set).
2023-08-28 12:13:58.648 [info] > git rev-parse --show-toplevel [4ms]
2023-08-28 12:13:58.648 [info] fatal: not a git repository (or any parent up to mount point /root)
Stopping at filesystem boundary (GIT_DISCOVERY_ACROSS_FILESYSTEM not set).
2023-08-28 12:14:08.278 [info] > git rev-parse --show-toplevel [4ms]
2023-08-28 12:14:08.279 [info] fatal: not a git repository (or any parent up to mount point /root)
Stopping at filesystem boundary (GIT_DISCOVERY_ACROSS_FILESYSTEM not set).
2023-08-28 12:14:33.856 [info] > git rev-parse --show-toplevel [3ms]
2023-08-28 12:14:33.857 [info] fatal: not a git repository (or any parent up to mount point /root)
Stopping at filesystem boundary (GIT_DISCOVERY_ACROSS_FILESYSTEM not set).
2023-08-28 12:17:23.700 [info] > git rev-parse --show-toplevel [4ms]
2023-08-28 12:17:23.700 [info] fatal: not a git repository (or any parent up to mount point /root)
Stopping at filesystem boundary (GIT_DISCOVERY_ACROSS_FILESYSTEM not set).
2023-08-28 12:17:40.479 [info] > git rev-parse --show-toplevel [3ms]
2023-08-28 12:17:40.480 [info] fatal: not a git repository (or any parent up to mount point /root)
Stopping at filesystem boundary (GIT_DISCOVERY_ACROSS_FILESYSTEM not set).
2023-08-28 12:17:47.770 [info] > git rev-parse --show-toplevel [2ms]
2023-08-28 12:17:47.771 [info] fatal: not a git repository (or any parent up to mount point /root)
Stopping at filesystem boundary (GIT_DISCOVERY_ACROSS_FILESYSTEM not set).
2023-08-28 12:21:15.889 [info] > git rev-parse --show-toplevel [4ms]
2023-08-28 12:21:15.889 [info] fatal: not a git repository (or any parent up to mount point /root)
Stopping at filesystem boundary (GIT_DISCOVERY_ACROSS_FILESYSTEM not set).
