2023-08-29 01:59:16.048 [info] Extension host with pid 243 started
2023-08-29 01:59:16.085 [info] ExtensionService#_doActivateExtension vscode.emmet, startup: false, activationEvent: 'onLanguage'
2023-08-29 01:59:16.086 [info] ExtensionService#_doActivateExtension vscode.html-language-features, startup: false, activationEvent: 'onLanguage:html'
2023-08-29 01:59:16.240 [info] Lock '/root/.vscode-server/data/User/workspaceStorage/093403463536b7ba808b7b56b7294dba/vscode.lock': Lock acquired.
2023-08-29 01:59:16.661 [info] ExtensionService#_doActivateExtension vscode.git-base, startup: true, activationEvent: '*', root cause: vscode.git
2023-08-29 01:59:16.683 [info] ExtensionService#_doActivateExtension ms-python.python, startup: true, activationEvent: 'workspaceContains:requirements.txt'
2023-08-29 01:59:16.947 [info] ExtensionService#_doActivateExtension vscode.git, startup: true, activationEvent: '*'
2023-08-29 01:59:16.947 [info] ExtensionService#_doActivateExtension vscode.github, startup: true, activationEvent: '*'
2023-08-29 01:59:17.281 [info] Eager extensions activated
2023-08-29 01:59:17.281 [info] ExtensionService#_doActivateExtension vscode.debug-auto-launch, startup: false, activationEvent: 'onStartupFinished'
2023-08-29 01:59:17.282 [info] ExtensionService#_doActivateExtension vscode.merge-conflict, startup: false, activationEvent: 'onStartupFinished'
2023-08-29 01:59:17.634 [info] ExtensionService#_doActivateExtension ms-python.vscode-pylance, startup: false, activationEvent: 'api', root cause: ms-python.python
2023-08-29 03:02:36.870 [error] [ms-python.python] provider FAILED
2023-08-29 03:02:36.871 [error] TypeError: Cannot read properties of undefined (reading 'data')
	at /root/.vscode-server/extensions/ms-python.vscode-pylance-2023.8.40/dist/extension.bundle.js:1:71018
	at _0x43fdbb (/root/.vscode-server/extensions/ms-python.vscode-pylance-2023.8.40/dist/extension.bundle.js:1:82653)
	at async ce.provideCompletionItems (/root/.vscode-server/bin/6c3e3dba23e8fadc360aed75ce363ba185c49794/out/vs/workbench/api/node/extensionHostProcess.js:105:50188)
2023-08-29 04:30:48.006 [info] Extension host terminating: received terminate message from renderer
2023-08-29 04:30:48.019 [info] Lock '/root/.vscode-server/data/User/workspaceStorage/093403463536b7ba808b7b56b7294dba/vscode.lock': Marking the lockfile as scheduled to be released in 6000 ms.
2023-08-29 04:30:48.225 [info] Extension host with pid 243 exiting with code 0
