2023-08-26 10:04:33.358 [info] Experiment 'pythonPromptNewFormatterExt' is active
2023-08-26 10:04:33.358 [info] Experiment 'pythonPromptNewToolsExt' is active
2023-08-26 10:04:33.359 [info] Experiment 'pythonTestAdaptercf' is active
2023-08-26 10:04:33.359 [info] Test server listening.
2023-08-26 10:04:33.595 [info] > C:\Users\minnb\AppData\Local\Microsoft\WindowsApps\python3.11.exe -c "import sys;print(sys.executable)"
2023-08-26 10:04:33.702 [error] [Error: Command failed: C:\Users\minnb\AppData\Local\Microsoft\WindowsApps\python3.11.exe -c "import sys;print(sys.executable)"
/bin/sh: 1: C:UsersminnbAppDataLocalMicrosoftWindowsAppspython3.11.exe: not found

	at ChildProcess.exithandler (node:child_process:400:12)
	at ChildProcess.emit (node:events:513:28)
	at maybeClose (node:internal/child_process:1093:16)
	at Socket.<anonymous> (node:internal/child_process:451:11)
	at Socket.emit (node:events:513:28)
	at Pipe.<anonymous> (node:net:757:14)] {
  code: 127,
  killed: false,
  signal: null,
  cmd: 'C:\\Users\\minnb\\AppData\\Local\\Microsoft\\WindowsApps\\python3.11.exe -c "import sys;print(sys.executable)"'
}
2023-08-26 10:04:35.190 [info] Starting Pylance language server.
2023-08-26 10:26:54.073 [info] Discover tests for workspace name: code - uri: /root/code/app.py
2023-08-26 10:27:49.033 [info] Discover tests for workspace name: code - uri: /root/code/app.py
2023-08-26 10:32:50.983 [info] Discover tests for workspace name: code - uri: /root/code/app.py
2023-08-26 10:49:00.158 [error] Cannot trigger test discovery as a valid interpreter is not selected
2023-08-26 10:55:45.711 [info] Discover tests for workspace name: code - uri: /root/code/app.py
2023-08-26 11:00:06.623 [info] Discover tests for workspace name: code - uri: /root/code/app.py
2023-08-26 11:00:46.633 [info] Discover tests for workspace name: code - uri: /root/code/app.py
2023-08-26 11:01:53.078 [info] Discover tests for workspace name: code - uri: /root/code/app.py
2023-08-26 11:19:16.427 [info] Discover tests for workspace name: code - uri: /root/code/app.py
2023-08-26 11:55:25.766 [info] Discover tests for workspace name: code - uri: /root/code/dash_app.py
2023-08-26 12:20:38.360 [info] Discover tests for workspace name: code - uri: /root/code/dash_app.py
2023-08-26 12:20:39.735 [info] Discover tests for workspace name: code - uri: /root/code/app.py
