2023-08-29 14:53:50.737 [info] Extension host with pid 323 started
2023-08-29 14:53:50.852 [info] ExtensionService#_doActivateExtension vscode.git-base, startup: true, activationEvent: '*', root cause: vscode.git
2023-08-29 14:53:50.931 [info] ExtensionService#_doActivateExtension ms-python.python, startup: true, activationEvent: 'workspaceContains:app.py'
2023-08-29 14:53:51.653 [info] Lock '/root/.vscode-server/data/User/workspaceStorage/9370057a9846ba04a875e11bc03b71da/vscode.lock': Lock acquired.
2023-08-29 14:53:51.791 [info] ExtensionService#_doActivateExtension vscode.git, startup: true, activationEvent: '*'
2023-08-29 14:53:51.793 [info] ExtensionService#_doActivateExtension vscode.github, startup: true, activationEvent: '*'
2023-08-29 14:53:52.371 [info] Eager extensions activated
2023-08-29 14:53:52.372 [info] ExtensionService#_doActivateExtension vscode.debug-auto-launch, startup: false, activationEvent: 'onStartupFinished'
2023-08-29 14:53:52.374 [info] ExtensionService#_doActivateExtension vscode.merge-conflict, startup: false, activationEvent: 'onStartupFinished'
2023-08-29 14:53:53.539 [info] ExtensionService#_doActivateExtension ms-python.vscode-pylance, startup: false, activationEvent: 'api', root cause: ms-python.python
2023-08-29 14:53:57.497 [info] Extension host terminating: received terminate message from renderer
2023-08-29 14:53:57.498 [info] Lock '/root/.vscode-server/data/User/workspaceStorage/9370057a9846ba04a875e11bc03b71da/vscode.lock': Marking the lockfile as scheduled to be released in 6000 ms.
2023-08-29 14:53:59.588 [error] Error: Stopping the server timed out
	at /root/.vscode-server/extensions/ms-python.python-2023.14.0/out/client/extension.js:2:2064115
	at async Object.stop (/root/.vscode-server/extensions/ms-python.vscode-pylance-2023.8.40/dist/extension.bundle.js:1:105400)
	at async _0x370556.<computed>._stopClient (/root/.vscode-server/extensions/ms-python.vscode-pylance-2023.8.40/dist/extension.bundle.js:1:49546)
	at async _0x370556.<computed>._createNewRequest (/root/.vscode-server/extensions/ms-python.vscode-pylance-2023.8.40/dist/extension.bundle.js:1:49162)
2023-08-29 14:53:59.589 [error] Error: Stopping the server timed out
	at /root/.vscode-server/extensions/ms-python.python-2023.14.0/out/client/extension.js:2:2064115
	at async Object.stop (/root/.vscode-server/extensions/ms-python.vscode-pylance-2023.8.40/dist/extension.bundle.js:1:105400)
	at async _0x370556.<computed>._stopClient (/root/.vscode-server/extensions/ms-python.vscode-pylance-2023.8.40/dist/extension.bundle.js:1:49546)
	at async _0x370556.<computed>._createNewRequest (/root/.vscode-server/extensions/ms-python.vscode-pylance-2023.8.40/dist/extension.bundle.js:1:49162)
2023-08-29 14:53:59.591 [info] Extension host with pid 323 exiting with code 0
